#
# There is insufficient memory for the Java Runtime Environment to continue.
# Native memory allocation (malloc) failed to allocate 783040 bytes. Error detail: Chunk::new
# Possible reasons:
#   The system is out of physical RAM or swap space
#   This process is running with CompressedOops enabled, and the Java Heap may be blocking the growth of the native heap
# Possible solutions:
#   Reduce memory load on the system
#   Increase physical memory or swap space
#   Check if swap backing store is full
#   Decrease Java heap size (-Xmx/-Xms)
#   Decrease number of Java threads
#   Decrease Java thread stack sizes (-Xss)
#   Set larger code cache with -XX:ReservedCodeCacheSize=
#   JVM is running with Unscaled Compressed Oops mode in which the Java heap is
#     placed in the first 4GB address space. The Java Heap base address is the
#     maximum limit for the native heap growth. Please use -XX:HeapBaseMinAddress
#     to set the Java Heap base and to place the Java Heap above 4GB virtual address.
# This output file may be truncated or incomplete.
#
#  Out of Memory Error (arena.cpp:168), pid=11628, tid=22212
#
# JRE version: OpenJDK Runtime Environment Temurin-21.0.6+7 (21.0.6+7) (build 21.0.6+7-LTS)
# Java VM: OpenJDK 64-Bit Server VM Temurin-21.0.6+7 (21.0.6+7-LTS, mixed mode, sharing, tiered, compressed oops, compressed class ptrs, g1 gc, windows-amd64)
# No core dump will be written. Minidumps are not enabled by default on client versions of Windows
#

---------------  S U M M A R Y ------------

Command Line: -Dfile.encoding=UTF-8 -Dstdout.encoding=UTF-8 -Dstderr.encoding=UTF-8 -XX:+ShowCodeDetailsInExceptionMessages bankManagementSystem.Login.SignUpThree

Host: 11th Gen Intel(R) Core(TM) i5-11320H @ 3.20GHz, 8 cores, 7G,  Windows 11 , 64 bit Build 26100 (10.0.26100.5514)
Time: Mon Mar 31 01:26:13 2025 India Standard Time elapsed time: 8.536441 seconds (0d 0h 0m 8s)

---------------  T H R E A D  ---------------

Current thread (0x000001e668d70f80):  JavaThread "C2 CompilerThread1" daemon [_thread_in_native, id=22212, stack(0x0000009c17700000,0x0000009c17800000) (1024K)]


Current CompileTask:
C2:8536 1013   !   4       sun.font.TrueTypeFont::getTableBuffer (208 bytes)

Stack: [0x0000009c17700000,0x0000009c17800000]
Native frames: (J=compiled Java code, j=interpreted, Vv=VM code, C=native code)
V  [jvm.dll+0x6cdee9]
V  [jvm.dll+0x8a83d1]
V  [jvm.dll+0x8aa8fe]
V  [jvm.dll+0x8aafe3]
V  [jvm.dll+0x27f706]
V  [jvm.dll+0xc500d]
V  [jvm.dll+0xc5543]
V  [jvm.dll+0x3b678c]
V  [jvm.dll+0x382935]
V  [jvm.dll+0x381d9a]
V  [jvm.dll+0x2479f0]
V  [jvm.dll+0x246fcf]
V  [jvm.dll+0x1c75ee]
V  [jvm.dll+0x25685a]
V  [jvm.dll+0x254dfa]
V  [jvm.dll+0x3f0256]
V  [jvm.dll+0x851f8b]
V  [jvm.dll+0x6cc5ed]
C  [ucrtbase.dll+0x37b0]
C  [KERNEL32.DLL+0x2e8d7]
C  [ntdll.dll+0x9c5dc]


---------------  P R O C E S S  ---------------

Threads class SMR info:
_java_thread_list=0x000001e66e283650, length=16, elements={
0x000001e66897f280, 0x000001e668985ee0, 0x000001e66898b480, 0x000001e66898c320,
0x000001e66898e8a0, 0x000001e6689938f0, 0x000001e66899e1b0, 0x000001e6689a1c60,
0x000001e668b06bd0, 0x000001e668b12830, 0x000001e668cd36f0, 0x000001e668cdd6d0,
0x000001e668cde7f0, 0x000001e668d16e10, 0x000001e64e696660, 0x000001e668d70f80
}

Java Threads: ( => current thread )
  0x000001e66897f280 JavaThread "Reference Handler"          daemon [_thread_blocked, id=9336, stack(0x0000009c16900000,0x0000009c16a00000) (1024K)]
  0x000001e668985ee0 JavaThread "Finalizer"                  daemon [_thread_blocked, id=23460, stack(0x0000009c16a00000,0x0000009c16b00000) (1024K)]
  0x000001e66898b480 JavaThread "Signal Dispatcher"          daemon [_thread_blocked, id=23556, stack(0x0000009c16b00000,0x0000009c16c00000) (1024K)]
  0x000001e66898c320 JavaThread "Attach Listener"            daemon [_thread_blocked, id=3976, stack(0x0000009c16c00000,0x0000009c16d00000) (1024K)]
  0x000001e66898e8a0 JavaThread "Service Thread"             daemon [_thread_blocked, id=11776, stack(0x0000009c16d00000,0x0000009c16e00000) (1024K)]
  0x000001e6689938f0 JavaThread "Monitor Deflation Thread"   daemon [_thread_blocked, id=23576, stack(0x0000009c16e00000,0x0000009c16f00000) (1024K)]
  0x000001e66899e1b0 JavaThread "C2 CompilerThread0"         daemon [_thread_blocked, id=19536, stack(0x0000009c16f00000,0x0000009c17000000) (1024K)]
  0x000001e6689a1c60 JavaThread "C1 CompilerThread0"         daemon [_thread_blocked, id=6944, stack(0x0000009c17000000,0x0000009c17100000) (1024K)]
  0x000001e668b06bd0 JavaThread "Notification Thread"        daemon [_thread_blocked, id=25924, stack(0x0000009c17100000,0x0000009c17200000) (1024K)]
  0x000001e668b12830 JavaThread "Common-Cleaner"             daemon [_thread_blocked, id=17728, stack(0x0000009c17200000,0x0000009c17300000) (1024K)]
  0x000001e668cd36f0 JavaThread "Java2D Disposer"            daemon [_thread_blocked, id=18396, stack(0x0000009c17300000,0x0000009c17400000) (1024K)]
  0x000001e668cdd6d0 JavaThread "AWT-Shutdown"                      [_thread_blocked, id=25368, stack(0x0000009c17400000,0x0000009c17500000) (1024K)]
  0x000001e668cde7f0 JavaThread "AWT-Windows"                daemon [_thread_in_native, id=10784, stack(0x0000009c17500000,0x0000009c17600000) (1024K)]
  0x000001e668d16e10 JavaThread "AWT-EventQueue-0"                  [_thread_in_native, id=26600, stack(0x0000009c17600000,0x0000009c17700000) (1024K)]
  0x000001e64e696660 JavaThread "DestroyJavaVM"                     [_thread_blocked, id=17360, stack(0x0000009c16100000,0x0000009c16200000) (1024K)]
=>0x000001e668d70f80 JavaThread "C2 CompilerThread1"         daemon [_thread_in_native, id=22212, stack(0x0000009c17700000,0x0000009c17800000) (1024K)]
Total: 16

Other Threads:
  0x000001e668967070 VMThread "VM Thread"                           [id=22120, stack(0x0000009c16800000,0x0000009c16900000) (1024K)]
  0x000001e668953540 WatcherThread "VM Periodic Task Thread"        [id=10640, stack(0x0000009c16700000,0x0000009c16800000) (1024K)]
  0x000001e650bceea0 WorkerThread "GC Thread#0"                     [id=25740, stack(0x0000009c16200000,0x0000009c16300000) (1024K)]
  0x000001e650bdffd0 ConcurrentGCThread "G1 Main Marker"            [id=24060, stack(0x0000009c16300000,0x0000009c16400000) (1024K)]
  0x000001e650be0ad0 WorkerThread "G1 Conc#0"                       [id=23100, stack(0x0000009c16400000,0x0000009c16500000) (1024K)]
  0x000001e668820550 ConcurrentGCThread "G1 Refine#0"               [id=18112, stack(0x0000009c16500000,0x0000009c16600000) (1024K)]
  0x000001e668820e70 ConcurrentGCThread "G1 Service"                [id=3792, stack(0x0000009c16600000,0x0000009c16700000) (1024K)]
Total: 7

Threads with active compile tasks:
C2 CompilerThread0  8555 1070       4       java.nio.channels.spi.AbstractInterruptibleChannel::end (53 bytes)
C2 CompilerThread1  8555 1013   !   4       sun.font.TrueTypeFont::getTableBuffer (208 bytes)
Total: 2

VM state: not at safepoint (normal execution)

VM Mutex/Monitor currently owned by a thread: None

Heap address: 0x0000000083600000, size: 1994 MB, Compressed Oops mode: 32-bit

CDS archive(s) mapped at: [0x000001e600000000-0x000001e600c80000-0x000001e600c80000), size 13107200, SharedBaseAddress: 0x000001e600000000, ArchiveRelocationMode: 1.
Compressed class space mapped at: 0x000001e601000000-0x000001e641000000, reserved size: 1073741824
Narrow klass base: 0x000001e600000000, Narrow klass shift: 0, Narrow klass range: 0x100000000

GC Precious Log:
 CardTable entry size: 512
 Card Set container configuration: InlinePtr #cards 5 size 8 Array Of Cards #cards 12 size 40 Howl #buckets 4 coarsen threshold 1843 Howl Bitmap #cards 512 size 80 coarsen threshold 460 Card regions per heap region 1 cards per card region 2048
 CPUs: 8 total, 8 available
 Memory: 7975M
 Large Page Support: Disabled
 NUMA Support: Disabled
 Compressed Oops: Enabled (32-bit)
 Heap Region Size: 1M
 Heap Min Capacity: 8M
 Heap Initial Capacity: 126M
 Heap Max Capacity: 1994M
 Pre-touch: Disabled
 Parallel Workers: 8
 Concurrent Workers: 2
 Concurrent Refinement Workers: 8
 Periodic GC: Disabled

Heap:
 garbage-first heap   total 129024K, used 19456K [0x0000000083600000, 0x0000000100000000)
  region size 1024K, 16 young (16384K), 0 survivors (0K)
 Metaspace       used 7160K, committed 7360K, reserved 1114112K
  class space    used 733K, committed 832K, reserved 1048576K

Heap Regions: E=young(eden), S=young(survivor), O=old, HS=humongous(starts), HC=humongous(continues), CS=collection set, F=free, TAMS=top-at-mark-start, PB=parsable bottom
|   0|0x0000000083600000, 0x0000000083700000, 0x0000000083700000|100%|HS|  |TAMS 0x0000000083600000| PB 0x0000000083600000| Complete 
|   1|0x0000000083700000, 0x0000000083800000, 0x0000000083800000|100%|HC|  |TAMS 0x0000000083700000| PB 0x0000000083700000| Complete 
|   2|0x0000000083800000, 0x0000000083900000, 0x0000000083900000|100%|HC|  |TAMS 0x0000000083800000| PB 0x0000000083800000| Complete 
|   3|0x0000000083900000, 0x0000000083a00000, 0x0000000083a00000|100%|HC|  |TAMS 0x0000000083900000| PB 0x0000000083900000| Complete 
|   4|0x0000000083a00000, 0x0000000083a00000, 0x0000000083b00000|  0%| F|  |TAMS 0x0000000083a00000| PB 0x0000000083a00000| Untracked 
|   5|0x0000000083b00000, 0x0000000083b00000, 0x0000000083c00000|  0%| F|  |TAMS 0x0000000083b00000| PB 0x0000000083b00000| Untracked 
|   6|0x0000000083c00000, 0x0000000083c00000, 0x0000000083d00000|  0%| F|  |TAMS 0x0000000083c00000| PB 0x0000000083c00000| Untracked 
|   7|0x0000000083d00000, 0x0000000083d00000, 0x0000000083e00000|  0%| F|  |TAMS 0x0000000083d00000| PB 0x0000000083d00000| Untracked 
|   8|0x0000000083e00000, 0x0000000083e00000, 0x0000000083f00000|  0%| F|  |TAMS 0x0000000083e00000| PB 0x0000000083e00000| Untracked 
|   9|0x0000000083f00000, 0x0000000083f00000, 0x0000000084000000|  0%| F|  |TAMS 0x0000000083f00000| PB 0x0000000083f00000| Untracked 
|  10|0x0000000084000000, 0x0000000084000000, 0x0000000084100000|  0%| F|  |TAMS 0x0000000084000000| PB 0x0000000084000000| Untracked 
|  11|0x0000000084100000, 0x0000000084100000, 0x0000000084200000|  0%| F|  |TAMS 0x0000000084100000| PB 0x0000000084100000| Untracked 
|  12|0x0000000084200000, 0x0000000084200000, 0x0000000084300000|  0%| F|  |TAMS 0x0000000084200000| PB 0x0000000084200000| Untracked 
|  13|0x0000000084300000, 0x0000000084300000, 0x0000000084400000|  0%| F|  |TAMS 0x0000000084300000| PB 0x0000000084300000| Untracked 
|  14|0x0000000084400000, 0x0000000084400000, 0x0000000084500000|  0%| F|  |TAMS 0x0000000084400000| PB 0x0000000084400000| Untracked 
|  15|0x0000000084500000, 0x0000000084500000, 0x0000000084600000|  0%| F|  |TAMS 0x0000000084500000| PB 0x0000000084500000| Untracked 
|  16|0x0000000084600000, 0x0000000084600000, 0x0000000084700000|  0%| F|  |TAMS 0x0000000084600000| PB 0x0000000084600000| Untracked 
|  17|0x0000000084700000, 0x0000000084700000, 0x0000000084800000|  0%| F|  |TAMS 0x0000000084700000| PB 0x0000000084700000| Untracked 
|  18|0x0000000084800000, 0x0000000084800000, 0x0000000084900000|  0%| F|  |TAMS 0x0000000084800000| PB 0x0000000084800000| Untracked 
|  19|0x0000000084900000, 0x0000000084900000, 0x0000000084a00000|  0%| F|  |TAMS 0x0000000084900000| PB 0x0000000084900000| Untracked 
|  20|0x0000000084a00000, 0x0000000084a00000, 0x0000000084b00000|  0%| F|  |TAMS 0x0000000084a00000| PB 0x0000000084a00000| Untracked 
|  21|0x0000000084b00000, 0x0000000084b00000, 0x0000000084c00000|  0%| F|  |TAMS 0x0000000084b00000| PB 0x0000000084b00000| Untracked 
|  22|0x0000000084c00000, 0x0000000084c00000, 0x0000000084d00000|  0%| F|  |TAMS 0x0000000084c00000| PB 0x0000000084c00000| Untracked 
|  23|0x0000000084d00000, 0x0000000084d00000, 0x0000000084e00000|  0%| F|  |TAMS 0x0000000084d00000| PB 0x0000000084d00000| Untracked 
|  24|0x0000000084e00000, 0x0000000084e00000, 0x0000000084f00000|  0%| F|  |TAMS 0x0000000084e00000| PB 0x0000000084e00000| Untracked 
|  25|0x0000000084f00000, 0x0000000084f00000, 0x0000000085000000|  0%| F|  |TAMS 0x0000000084f00000| PB 0x0000000084f00000| Untracked 
|  26|0x0000000085000000, 0x0000000085000000, 0x0000000085100000|  0%| F|  |TAMS 0x0000000085000000| PB 0x0000000085000000| Untracked 
|  27|0x0000000085100000, 0x0000000085100000, 0x0000000085200000|  0%| F|  |TAMS 0x0000000085100000| PB 0x0000000085100000| Untracked 
|  28|0x0000000085200000, 0x0000000085200000, 0x0000000085300000|  0%| F|  |TAMS 0x0000000085200000| PB 0x0000000085200000| Untracked 
|  29|0x0000000085300000, 0x0000000085300000, 0x0000000085400000|  0%| F|  |TAMS 0x0000000085300000| PB 0x0000000085300000| Untracked 
|  30|0x0000000085400000, 0x0000000085400000, 0x0000000085500000|  0%| F|  |TAMS 0x0000000085400000| PB 0x0000000085400000| Untracked 
|  31|0x0000000085500000, 0x0000000085500000, 0x0000000085600000|  0%| F|  |TAMS 0x0000000085500000| PB 0x0000000085500000| Untracked 
|  32|0x0000000085600000, 0x0000000085600000, 0x0000000085700000|  0%| F|  |TAMS 0x0000000085600000| PB 0x0000000085600000| Untracked 
|  33|0x0000000085700000, 0x0000000085700000, 0x0000000085800000|  0%| F|  |TAMS 0x0000000085700000| PB 0x0000000085700000| Untracked 
|  34|0x0000000085800000, 0x0000000085800000, 0x0000000085900000|  0%| F|  |TAMS 0x0000000085800000| PB 0x0000000085800000| Untracked 
|  35|0x0000000085900000, 0x0000000085900000, 0x0000000085a00000|  0%| F|  |TAMS 0x0000000085900000| PB 0x0000000085900000| Untracked 
|  36|0x0000000085a00000, 0x0000000085a00000, 0x0000000085b00000|  0%| F|  |TAMS 0x0000000085a00000| PB 0x0000000085a00000| Untracked 
|  37|0x0000000085b00000, 0x0000000085b00000, 0x0000000085c00000|  0%| F|  |TAMS 0x0000000085b00000| PB 0x0000000085b00000| Untracked 
|  38|0x0000000085c00000, 0x0000000085c00000, 0x0000000085d00000|  0%| F|  |TAMS 0x0000000085c00000| PB 0x0000000085c00000| Untracked 
|  39|0x0000000085d00000, 0x0000000085d00000, 0x0000000085e00000|  0%| F|  |TAMS 0x0000000085d00000| PB 0x0000000085d00000| Untracked 
|  40|0x0000000085e00000, 0x0000000085e00000, 0x0000000085f00000|  0%| F|  |TAMS 0x0000000085e00000| PB 0x0000000085e00000| Untracked 
|  41|0x0000000085f00000, 0x0000000085f00000, 0x0000000086000000|  0%| F|  |TAMS 0x0000000085f00000| PB 0x0000000085f00000| Untracked 
|  42|0x0000000086000000, 0x0000000086000000, 0x0000000086100000|  0%| F|  |TAMS 0x0000000086000000| PB 0x0000000086000000| Untracked 
|  43|0x0000000086100000, 0x0000000086100000, 0x0000000086200000|  0%| F|  |TAMS 0x0000000086100000| PB 0x0000000086100000| Untracked 
|  44|0x0000000086200000, 0x0000000086200000, 0x0000000086300000|  0%| F|  |TAMS 0x0000000086200000| PB 0x0000000086200000| Untracked 
|  45|0x0000000086300000, 0x0000000086300000, 0x0000000086400000|  0%| F|  |TAMS 0x0000000086300000| PB 0x0000000086300000| Untracked 
|  46|0x0000000086400000, 0x0000000086400000, 0x0000000086500000|  0%| F|  |TAMS 0x0000000086400000| PB 0x0000000086400000| Untracked 
|  47|0x0000000086500000, 0x0000000086500000, 0x0000000086600000|  0%| F|  |TAMS 0x0000000086500000| PB 0x0000000086500000| Untracked 
|  48|0x0000000086600000, 0x0000000086600000, 0x0000000086700000|  0%| F|  |TAMS 0x0000000086600000| PB 0x0000000086600000| Untracked 
|  49|0x0000000086700000, 0x0000000086700000, 0x0000000086800000|  0%| F|  |TAMS 0x0000000086700000| PB 0x0000000086700000| Untracked 
|  50|0x0000000086800000, 0x0000000086800000, 0x0000000086900000|  0%| F|  |TAMS 0x0000000086800000| PB 0x0000000086800000| Untracked 
|  51|0x0000000086900000, 0x0000000086900000, 0x0000000086a00000|  0%| F|  |TAMS 0x0000000086900000| PB 0x0000000086900000| Untracked 
|  52|0x0000000086a00000, 0x0000000086a00000, 0x0000000086b00000|  0%| F|  |TAMS 0x0000000086a00000| PB 0x0000000086a00000| Untracked 
|  53|0x0000000086b00000, 0x0000000086b00000, 0x0000000086c00000|  0%| F|  |TAMS 0x0000000086b00000| PB 0x0000000086b00000| Untracked 
|  54|0x0000000086c00000, 0x0000000086c00000, 0x0000000086d00000|  0%| F|  |TAMS 0x0000000086c00000| PB 0x0000000086c00000| Untracked 
|  55|0x0000000086d00000, 0x0000000086d00000, 0x0000000086e00000|  0%| F|  |TAMS 0x0000000086d00000| PB 0x0000000086d00000| Untracked 
|  56|0x0000000086e00000, 0x0000000086e00000, 0x0000000086f00000|  0%| F|  |TAMS 0x0000000086e00000| PB 0x0000000086e00000| Untracked 
|  57|0x0000000086f00000, 0x0000000086f00000, 0x0000000087000000|  0%| F|  |TAMS 0x0000000086f00000| PB 0x0000000086f00000| Untracked 
|  58|0x0000000087000000, 0x0000000087000000, 0x0000000087100000|  0%| F|  |TAMS 0x0000000087000000| PB 0x0000000087000000| Untracked 
|  59|0x0000000087100000, 0x0000000087100000, 0x0000000087200000|  0%| F|  |TAMS 0x0000000087100000| PB 0x0000000087100000| Untracked 
|  60|0x0000000087200000, 0x0000000087200000, 0x0000000087300000|  0%| F|  |TAMS 0x0000000087200000| PB 0x0000000087200000| Untracked 
|  61|0x0000000087300000, 0x0000000087300000, 0x0000000087400000|  0%| F|  |TAMS 0x0000000087300000| PB 0x0000000087300000| Untracked 
|  62|0x0000000087400000, 0x0000000087400000, 0x0000000087500000|  0%| F|  |TAMS 0x0000000087400000| PB 0x0000000087400000| Untracked 
|  63|0x0000000087500000, 0x0000000087500000, 0x0000000087600000|  0%| F|  |TAMS 0x0000000087500000| PB 0x0000000087500000| Untracked 
|  64|0x0000000087600000, 0x0000000087600000, 0x0000000087700000|  0%| F|  |TAMS 0x0000000087600000| PB 0x0000000087600000| Untracked 
|  65|0x0000000087700000, 0x0000000087700000, 0x0000000087800000|  0%| F|  |TAMS 0x0000000087700000| PB 0x0000000087700000| Untracked 
|  66|0x0000000087800000, 0x0000000087800000, 0x0000000087900000|  0%| F|  |TAMS 0x0000000087800000| PB 0x0000000087800000| Untracked 
|  67|0x0000000087900000, 0x0000000087900000, 0x0000000087a00000|  0%| F|  |TAMS 0x0000000087900000| PB 0x0000000087900000| Untracked 
|  68|0x0000000087a00000, 0x0000000087a00000, 0x0000000087b00000|  0%| F|  |TAMS 0x0000000087a00000| PB 0x0000000087a00000| Untracked 
|  69|0x0000000087b00000, 0x0000000087b00000, 0x0000000087c00000|  0%| F|  |TAMS 0x0000000087b00000| PB 0x0000000087b00000| Untracked 
|  70|0x0000000087c00000, 0x0000000087c00000, 0x0000000087d00000|  0%| F|  |TAMS 0x0000000087c00000| PB 0x0000000087c00000| Untracked 
|  71|0x0000000087d00000, 0x0000000087d00000, 0x0000000087e00000|  0%| F|  |TAMS 0x0000000087d00000| PB 0x0000000087d00000| Untracked 
|  72|0x0000000087e00000, 0x0000000087e00000, 0x0000000087f00000|  0%| F|  |TAMS 0x0000000087e00000| PB 0x0000000087e00000| Untracked 
|  73|0x0000000087f00000, 0x0000000087f00000, 0x0000000088000000|  0%| F|  |TAMS 0x0000000087f00000| PB 0x0000000087f00000| Untracked 
|  74|0x0000000088000000, 0x0000000088000000, 0x0000000088100000|  0%| F|  |TAMS 0x0000000088000000| PB 0x0000000088000000| Untracked 
|  75|0x0000000088100000, 0x0000000088100000, 0x0000000088200000|  0%| F|  |TAMS 0x0000000088100000| PB 0x0000000088100000| Untracked 
|  76|0x0000000088200000, 0x0000000088200000, 0x0000000088300000|  0%| F|  |TAMS 0x0000000088200000| PB 0x0000000088200000| Untracked 
|  77|0x0000000088300000, 0x0000000088300000, 0x0000000088400000|  0%| F|  |TAMS 0x0000000088300000| PB 0x0000000088300000| Untracked 
|  78|0x0000000088400000, 0x0000000088400000, 0x0000000088500000|  0%| F|  |TAMS 0x0000000088400000| PB 0x0000000088400000| Untracked 
|  79|0x0000000088500000, 0x0000000088500000, 0x0000000088600000|  0%| F|  |TAMS 0x0000000088500000| PB 0x0000000088500000| Untracked 
|  80|0x0000000088600000, 0x0000000088600000, 0x0000000088700000|  0%| F|  |TAMS 0x0000000088600000| PB 0x0000000088600000| Untracked 
|  81|0x0000000088700000, 0x0000000088700000, 0x0000000088800000|  0%| F|  |TAMS 0x0000000088700000| PB 0x0000000088700000| Untracked 
|  82|0x0000000088800000, 0x0000000088800000, 0x0000000088900000|  0%| F|  |TAMS 0x0000000088800000| PB 0x0000000088800000| Untracked 
|  83|0x0000000088900000, 0x0000000088900000, 0x0000000088a00000|  0%| F|  |TAMS 0x0000000088900000| PB 0x0000000088900000| Untracked 
|  84|0x0000000088a00000, 0x0000000088a00000, 0x0000000088b00000|  0%| F|  |TAMS 0x0000000088a00000| PB 0x0000000088a00000| Untracked 
|  85|0x0000000088b00000, 0x0000000088b00000, 0x0000000088c00000|  0%| F|  |TAMS 0x0000000088b00000| PB 0x0000000088b00000| Untracked 
|  86|0x0000000088c00000, 0x0000000088c00000, 0x0000000088d00000|  0%| F|  |TAMS 0x0000000088c00000| PB 0x0000000088c00000| Untracked 
|  87|0x0000000088d00000, 0x0000000088d00000, 0x0000000088e00000|  0%| F|  |TAMS 0x0000000088d00000| PB 0x0000000088d00000| Untracked 
|  88|0x0000000088e00000, 0x0000000088e00000, 0x0000000088f00000|  0%| F|  |TAMS 0x0000000088e00000| PB 0x0000000088e00000| Untracked 
|  89|0x0000000088f00000, 0x0000000088f00000, 0x0000000089000000|  0%| F|  |TAMS 0x0000000088f00000| PB 0x0000000088f00000| Untracked 
|  90|0x0000000089000000, 0x0000000089000000, 0x0000000089100000|  0%| F|  |TAMS 0x0000000089000000| PB 0x0000000089000000| Untracked 
|  91|0x0000000089100000, 0x0000000089100000, 0x0000000089200000|  0%| F|  |TAMS 0x0000000089100000| PB 0x0000000089100000| Untracked 
|  92|0x0000000089200000, 0x0000000089200000, 0x0000000089300000|  0%| F|  |TAMS 0x0000000089200000| PB 0x0000000089200000| Untracked 
|  93|0x0000000089300000, 0x0000000089300000, 0x0000000089400000|  0%| F|  |TAMS 0x0000000089300000| PB 0x0000000089300000| Untracked 
|  94|0x0000000089400000, 0x0000000089400000, 0x0000000089500000|  0%| F|  |TAMS 0x0000000089400000| PB 0x0000000089400000| Untracked 
|  95|0x0000000089500000, 0x0000000089500000, 0x0000000089600000|  0%| F|  |TAMS 0x0000000089500000| PB 0x0000000089500000| Untracked 
|  96|0x0000000089600000, 0x0000000089600000, 0x0000000089700000|  0%| F|  |TAMS 0x0000000089600000| PB 0x0000000089600000| Untracked 
|  97|0x0000000089700000, 0x0000000089700000, 0x0000000089800000|  0%| F|  |TAMS 0x0000000089700000| PB 0x0000000089700000| Untracked 
|  98|0x0000000089800000, 0x0000000089800000, 0x0000000089900000|  0%| F|  |TAMS 0x0000000089800000| PB 0x0000000089800000| Untracked 
|  99|0x0000000089900000, 0x0000000089900000, 0x0000000089a00000|  0%| F|  |TAMS 0x0000000089900000| PB 0x0000000089900000| Untracked 
| 100|0x0000000089a00000, 0x0000000089a00000, 0x0000000089b00000|  0%| F|  |TAMS 0x0000000089a00000| PB 0x0000000089a00000| Untracked 
| 101|0x0000000089b00000, 0x0000000089b00000, 0x0000000089c00000|  0%| F|  |TAMS 0x0000000089b00000| PB 0x0000000089b00000| Untracked 
| 102|0x0000000089c00000, 0x0000000089c00000, 0x0000000089d00000|  0%| F|  |TAMS 0x0000000089c00000| PB 0x0000000089c00000| Untracked 
| 103|0x0000000089d00000, 0x0000000089d00000, 0x0000000089e00000|  0%| F|  |TAMS 0x0000000089d00000| PB 0x0000000089d00000| Untracked 
| 104|0x0000000089e00000, 0x0000000089e00000, 0x0000000089f00000|  0%| F|  |TAMS 0x0000000089e00000| PB 0x0000000089e00000| Untracked 
| 105|0x0000000089f00000, 0x0000000089f00000, 0x000000008a000000|  0%| F|  |TAMS 0x0000000089f00000| PB 0x0000000089f00000| Untracked 
| 106|0x000000008a000000, 0x000000008a000000, 0x000000008a100000|  0%| F|  |TAMS 0x000000008a000000| PB 0x000000008a000000| Untracked 
| 107|0x000000008a100000, 0x000000008a100000, 0x000000008a200000|  0%| F|  |TAMS 0x000000008a100000| PB 0x000000008a100000| Untracked 
| 108|0x000000008a200000, 0x000000008a200000, 0x000000008a300000|  0%| F|  |TAMS 0x000000008a200000| PB 0x000000008a200000| Untracked 
| 109|0x000000008a300000, 0x000000008a300000, 0x000000008a400000|  0%| F|  |TAMS 0x000000008a300000| PB 0x000000008a300000| Untracked 
| 110|0x000000008a400000, 0x000000008a4eb938, 0x000000008a500000| 92%| E|  |TAMS 0x000000008a400000| PB 0x000000008a400000| Complete 
| 111|0x000000008a500000, 0x000000008a600000, 0x000000008a600000|100%| E|CS|TAMS 0x000000008a500000| PB 0x000000008a500000| Complete 
| 112|0x000000008a600000, 0x000000008a700000, 0x000000008a700000|100%| E|CS|TAMS 0x000000008a600000| PB 0x000000008a600000| Complete 
| 113|0x000000008a700000, 0x000000008a800000, 0x000000008a800000|100%| E|CS|TAMS 0x000000008a700000| PB 0x000000008a700000| Complete 
| 114|0x000000008a800000, 0x000000008a900000, 0x000000008a900000|100%| E|CS|TAMS 0x000000008a800000| PB 0x000000008a800000| Complete 
| 115|0x000000008a900000, 0x000000008aa00000, 0x000000008aa00000|100%| E|CS|TAMS 0x000000008a900000| PB 0x000000008a900000| Complete 
| 116|0x000000008aa00000, 0x000000008ab00000, 0x000000008ab00000|100%| E|CS|TAMS 0x000000008aa00000| PB 0x000000008aa00000| Complete 
| 117|0x000000008ab00000, 0x000000008ac00000, 0x000000008ac00000|100%| E|CS|TAMS 0x000000008ab00000| PB 0x000000008ab00000| Complete 
| 118|0x000000008ac00000, 0x000000008ad00000, 0x000000008ad00000|100%| E|CS|TAMS 0x000000008ac00000| PB 0x000000008ac00000| Complete 
| 119|0x000000008ad00000, 0x000000008ae00000, 0x000000008ae00000|100%| E|CS|TAMS 0x000000008ad00000| PB 0x000000008ad00000| Complete 
| 120|0x000000008ae00000, 0x000000008af00000, 0x000000008af00000|100%| E|CS|TAMS 0x000000008ae00000| PB 0x000000008ae00000| Complete 
| 121|0x000000008af00000, 0x000000008b000000, 0x000000008b000000|100%| E|CS|TAMS 0x000000008af00000| PB 0x000000008af00000| Complete 
| 122|0x000000008b000000, 0x000000008b100000, 0x000000008b100000|100%| E|CS|TAMS 0x000000008b000000| PB 0x000000008b000000| Complete 
| 123|0x000000008b100000, 0x000000008b200000, 0x000000008b200000|100%| E|CS|TAMS 0x000000008b100000| PB 0x000000008b100000| Complete 
| 124|0x000000008b200000, 0x000000008b300000, 0x000000008b300000|100%| E|CS|TAMS 0x000000008b200000| PB 0x000000008b200000| Complete 
| 125|0x000000008b300000, 0x000000008b400000, 0x000000008b400000|100%| E|CS|TAMS 0x000000008b300000| PB 0x000000008b300000| Complete 

Card table byte_map: [0x000001e663c40000,0x000001e664030000] _byte_map_base: 0x000001e663825000

Marking Bits: (CMBitMap*) 0x000001e650bcfdb0
 Bits: [0x000001e664030000, 0x000001e665f58000)

Polling page: 0x000001e64e930000

Metaspace:

Usage:
  Non-class:      6.28 MB used.
      Class:    733.12 KB used.
       Both:      7.00 MB used.

Virtual space:
  Non-class space:       64.00 MB reserved,       6.38 MB ( 10%) committed,  1 nodes.
      Class space:        1.00 GB reserved,     832.00 KB ( <1%) committed,  1 nodes.
             Both:        1.06 GB reserved,       7.19 MB ( <1%) committed. 

Chunk freelists:
   Non-Class:  9.00 MB
       Class:  15.24 MB
        Both:  24.24 MB

MaxMetaspaceSize: unlimited
CompressedClassSpaceSize: 1.00 GB
Initial GC threshold: 21.00 MB
Current GC threshold: 21.00 MB
CDS: on
 - commit_granule_bytes: 65536.
 - commit_granule_words: 8192.
 - virtual_space_node_default_size: 8388608.
 - enlarge_chunks_in_place: 1.
 - use_allocation_guard: 0.


Internal statistics:

num_allocs_failed_limit: 0.
num_arena_births: 140.
num_arena_deaths: 0.
num_vsnodes_births: 2.
num_vsnodes_deaths: 0.
num_space_committed: 115.
num_space_uncommitted: 0.
num_chunks_returned_to_freelist: 0.
num_chunks_taken_from_freelist: 178.
num_chunk_merges: 0.
num_chunk_splits: 105.
num_chunks_enlarged: 39.
num_inconsistent_stats: 0.

CodeHeap 'non-profiled nmethods': size=120000Kb used=306Kb max_used=306Kb free=119694Kb
 bounds [0x000001e65bfe0000, 0x000001e65c250000, 0x000001e663510000]
CodeHeap 'profiled nmethods': size=120000Kb used=1705Kb max_used=1705Kb free=118294Kb
 bounds [0x000001e654510000, 0x000001e654780000, 0x000001e65ba40000]
CodeHeap 'non-nmethods': size=5760Kb used=1724Kb max_used=1739Kb free=4035Kb
 bounds [0x000001e65ba40000, 0x000001e65bcb0000, 0x000001e65bfe0000]
 total_blobs=1689 nmethods=1073 adapters=521
 compilation: enabled
              stopped_count=0, restarted_count=0
 full_count=0

Compilation events (20 events):
Event: 5.492 Thread 0x000001e6689a1c60 1032       3       java.awt.geom.AffineTransform::hash (17 bytes)
Event: 5.493 Thread 0x000001e6689a1c60 nmethod 1032 0x000001e6546abb90 code [0x000001e6546abd40, 0x000001e6546ac000]
Event: 5.493 Thread 0x000001e6689a1c60 1033       3       java.lang.Double::doubleToLongBits (16 bytes)
Event: 5.493 Thread 0x000001e6689a1c60 nmethod 1033 0x000001e6546ac110 code [0x000001e6546ac2c0, 0x000001e6546ac4f8]
Event: 5.493 Thread 0x000001e6689a1c60 1034       3       java.awt.geom.AffineTransform::equals (26 bytes)
Event: 5.493 Thread 0x000001e6689a1c60 nmethod 1034 0x000001e6546ac590 code [0x000001e6546ac740, 0x000001e6546aca98]
Event: 5.494 Thread 0x000001e6689a1c60 1035       3       java.awt.geom.Point2D$Float::<init> (5 bytes)
Event: 5.494 Thread 0x000001e6689a1c60 nmethod 1035 0x000001e6546acb90 code [0x000001e6546acd40, 0x000001e6546acf08]
Event: 5.496 Thread 0x000001e6689a1c60 1036   !   3       sun.font.TrueTypeFont::readBlock (374 bytes)
Event: 5.497 Thread 0x000001e6689a1c60 nmethod 1036 0x000001e6546ad010 code [0x000001e6546ad520, 0x000001e6546afc78]
Event: 5.497 Thread 0x000001e6689a1c60 1037       3       java.nio.Buffer::clear (20 bytes)
Event: 5.497 Thread 0x000001e6689a1c60 nmethod 1037 0x000001e6546b0f90 code [0x000001e6546b1120, 0x000001e6546b1240]
Event: 5.497 Thread 0x000001e6689a1c60 1038       3       java.nio.MappedByteBuffer::clear (5 bytes)
Event: 5.497 Thread 0x000001e6689a1c60 nmethod 1038 0x000001e6546b1310 code [0x000001e6546b14c0, 0x000001e6546b1700]
Event: 5.500 Thread 0x000001e6689a1c60 1039       3       java.lang.invoke.MemberName::getType (19 bytes)
Event: 5.500 Thread 0x000001e6689a1c60 nmethod 1039 0x000001e6546b1810 code [0x000001e6546b19e0, 0x000001e6546b1cd0]
Event: 5.501 Thread 0x000001e6689a1c60 1041       3       jdk.internal.misc.Unsafe::putByte (8 bytes)
Event: 5.501 Thread 0x000001e6689a1c60 nmethod 1041 0x000001e6546b1e10 code [0x000001e6546b1fa0, 0x000001e6546b20b8]
Event: 5.501 Thread 0x000001e66899e1b0 1042       4       jdk.internal.misc.Unsafe::putByte (8 bytes)
Event: 5.501 Thread 0x000001e66899e1b0 nmethod 1042 0x000001e65c029790 code [0x000001e65c029920, 0x000001e65c0299b0]

GC Heap History (0 events):
No events

Dll operation events (9 events):
Event: 0.010 Loaded shared library C:\Users\badal\.p2\pool\plugins\org.eclipse.justj.openjdk.hotspot.jre.full.win32.x86_64_21.0.6.v20250130-0529\jre\bin\java.dll
Event: 0.043 Loaded shared library C:\Users\badal\.p2\pool\plugins\org.eclipse.justj.openjdk.hotspot.jre.full.win32.x86_64_21.0.6.v20250130-0529\jre\bin\zip.dll
Event: 0.076 Loaded shared library C:\Users\badal\.p2\pool\plugins\org.eclipse.justj.openjdk.hotspot.jre.full.win32.x86_64_21.0.6.v20250130-0529\jre\bin\jimage.dll
Event: 0.085 Loaded shared library C:\Users\badal\.p2\pool\plugins\org.eclipse.justj.openjdk.hotspot.jre.full.win32.x86_64_21.0.6.v20250130-0529\jre\bin\net.dll
Event: 0.088 Loaded shared library C:\Users\badal\.p2\pool\plugins\org.eclipse.justj.openjdk.hotspot.jre.full.win32.x86_64_21.0.6.v20250130-0529\jre\bin\nio.dll
Event: 0.095 Loaded shared library C:\Users\badal\.p2\pool\plugins\org.eclipse.justj.openjdk.hotspot.jre.full.win32.x86_64_21.0.6.v20250130-0529\jre\bin\zip.dll
Event: 0.109 Loaded shared library C:\Users\badal\.p2\pool\plugins\org.eclipse.justj.openjdk.hotspot.jre.full.win32.x86_64_21.0.6.v20250130-0529\jre\bin\awt.dll
Event: 1.109 Loaded shared library C:\Users\badal\.p2\pool\plugins\org.eclipse.justj.openjdk.hotspot.jre.full.win32.x86_64_21.0.6.v20250130-0529\jre\bin\freetype.dll
Event: 1.110 Loaded shared library C:\Users\badal\.p2\pool\plugins\org.eclipse.justj.openjdk.hotspot.jre.full.win32.x86_64_21.0.6.v20250130-0529\jre\bin\fontmanager.dll

Deoptimization events (20 events):
Event: 1.127 Thread 0x000001e64e696660 DEOPT PACKING pc=0x000001e65452834c sp=0x0000009c161fcad0
Event: 1.127 Thread 0x000001e64e696660 DEOPT UNPACKING pc=0x000001e65ba988e2 sp=0x0000009c161fbef0 mode 0
Event: 4.233 Thread 0x000001e668d16e10 Uncommon trap: trap_request=0xffffff45 fr.pc=0x000001e65c013df8 relative=0x0000000000000498
Event: 4.233 Thread 0x000001e668d16e10 Uncommon trap: reason=unstable_if action=reinterpret pc=0x000001e65c013df8 method=java.lang.StringLatin1.toLowerCase(Ljava/lang/String;[BLjava/util/Locale;)Ljava/lang/String; @ 43 c2
Event: 4.233 Thread 0x000001e668d16e10 DEOPT PACKING pc=0x000001e65c013df8 sp=0x0000009c176fcf10
Event: 4.233 Thread 0x000001e668d16e10 DEOPT UNPACKING pc=0x000001e65ba97da2 sp=0x0000009c176fce80 mode 2
Event: 4.263 Thread 0x000001e668d16e10 DEOPT PACKING pc=0x000001e654526f4c sp=0x0000009c176fca80
Event: 4.263 Thread 0x000001e668d16e10 DEOPT UNPACKING pc=0x000001e65ba988e2 sp=0x0000009c176fbee8 mode 0
Event: 4.442 Thread 0x000001e668d16e10 Uncommon trap: trap_request=0xffffff45 fr.pc=0x000001e65bfec4d4 relative=0x00000000000000b4
Event: 4.442 Thread 0x000001e668d16e10 Uncommon trap: reason=unstable_if action=reinterpret pc=0x000001e65bfec4d4 method=java.lang.String.hashCode()I @ 20 c2
Event: 4.442 Thread 0x000001e668d16e10 DEOPT PACKING pc=0x000001e65bfec4d4 sp=0x0000009c176fcd20
Event: 4.442 Thread 0x000001e668d16e10 DEOPT UNPACKING pc=0x000001e65ba97da2 sp=0x0000009c176fccb0 mode 2
Event: 4.442 Thread 0x000001e668d16e10 Uncommon trap: trap_request=0xffffff45 fr.pc=0x000001e65c006130 relative=0x0000000000000190
Event: 4.442 Thread 0x000001e668d16e10 Uncommon trap: reason=unstable_if action=reinterpret pc=0x000001e65c006130 method=jdk.internal.util.ArraysSupport.vectorizedHashCode(Ljava/lang/Object;IIII)I @ 2 c2
Event: 4.442 Thread 0x000001e668d16e10 DEOPT PACKING pc=0x000001e65c006130 sp=0x0000009c176fcc20
Event: 4.442 Thread 0x000001e668d16e10 DEOPT UNPACKING pc=0x000001e65ba97da2 sp=0x0000009c176fcbd0 mode 2
Event: 4.453 Thread 0x000001e668d16e10 Uncommon trap: trap_request=0xffffff45 fr.pc=0x000001e65c023200 relative=0x0000000000000420
Event: 4.453 Thread 0x000001e668d16e10 Uncommon trap: reason=unstable_if action=reinterpret pc=0x000001e65c023200 method=java.lang.Character.isSurrogate(C)Z @ 3 c2
Event: 4.453 Thread 0x000001e668d16e10 DEOPT PACKING pc=0x000001e65c023200 sp=0x0000009c176fc8d0
Event: 4.453 Thread 0x000001e668d16e10 DEOPT UNPACKING pc=0x000001e65ba97da2 sp=0x0000009c176fc7e8 mode 2

Classes loaded (20 events):
Event: 5.503 Loading class sun/java2d/marlin/MergeSort done
Event: 5.503 Loading class sun/java2d/marlin/MarlinUtils
Event: 5.503 Loading class sun/java2d/marlin/MarlinUtils done
Event: 5.503 Loading class sun/java2d/marlin/DPQSSorterContext
Event: 5.503 Loading class sun/java2d/marlin/DPQSSorterContext done
Event: 5.503 Loading class sun/java2d/marlin/DMarlinRenderingEngine$NormMode
Event: 5.503 Loading class sun/java2d/marlin/DMarlinRenderingEngine$NormMode done
Event: 5.503 Loading class sun/java2d/marlin/DMarlinRenderingEngine$NormMode$1
Event: 5.503 Loading class sun/java2d/marlin/DMarlinRenderingEngine$NormMode$1 done
Event: 5.503 Loading class sun/java2d/marlin/DMarlinRenderingEngine$NormMode$2
Event: 5.503 Loading class sun/java2d/marlin/DMarlinRenderingEngine$NormMode$2 done
Event: 5.503 Loading class sun/java2d/marlin/DMarlinRenderingEngine$NormMode$3
Event: 5.503 Loading class sun/java2d/marlin/DMarlinRenderingEngine$NormMode$3 done
Event: 5.503 Loading class java/awt/geom/EllipseIterator
Event: 5.503 Loading class java/awt/geom/EllipseIterator done
Event: 5.503 Loading class sun/java2d/marlin/Helpers
Event: 5.782 Loading class java/awt/event/MouseEvent$1
Event: 8.533 Loading class sun/awt/AWTAccessor$MouseEventAccessor
Event: 8.533 Loading class sun/awt/AWTAccessor$MouseEventAccessor done
Event: 8.533 Loading class java/awt/event/MouseEvent$1 done

Classes unloaded (0 events):
No events

Classes redefined (0 events):
No events

Internal exceptions (13 events):
Event: 0.099 Thread 0x000001e64e696660 Exception <a 'java/lang/ClassNotFoundException'{0x000000008b104b78}: sun/awt/resources/spi/awtProvider> (0x000000008b104b78) 
thrown [s\src\hotspot\share\classfile\systemDictionary.cpp, line 312]
Event: 0.117 Thread 0x000001e64e696660 Exception <a 'java/io/FileNotFoundException'{0x000000008b160c48}> (0x000000008b160c48) 
thrown [s\src\hotspot\share\prims\jni.cpp, line 520]
Event: 0.121 Thread 0x000001e64e696660 Exception <a 'java/io/FileNotFoundException'{0x000000008b18b810}> (0x000000008b18b810) 
thrown [s\src\hotspot\share\prims\jni.cpp, line 520]
Event: 0.178 Thread 0x000001e64e696660 Exception <a 'java/lang/NoSuchMethodError'{0x000000008b09df78}: 'void java.lang.invoke.DirectMethodHandle$Holder.invokeSpecial(java.lang.Object, java.lang.Object, java.lang.Object)'> (0x000000008b09df78) 
thrown [s\src\hotspot\share\interpreter\linkResolver.cpp, line 773]
Event: 0.183 Thread 0x000001e64e696660 Exception <a 'java/lang/NoSuchMethodError'{0x000000008b0c44f0}: 'java.lang.Object java.lang.invoke.DirectMethodHandle$Holder.newInvokeSpecial(java.lang.Object, java.lang.Object, java.lang.Object, java.lang.Object, java.lang.Object)'> (0x000000008b0c44f0) 
thrown [s\src\hotspot\share\interpreter\linkResolver.cpp, line 773]
Event: 0.187 Thread 0x000001e64e696660 Exception <a 'java/lang/NoSuchMethodError'{0x000000008af05bc0}: 'java.lang.Object java.lang.invoke.DirectMethodHandle$Holder.invokeStatic(java.lang.Object, int, java.lang.Object)'> (0x000000008af05bc0) 
thrown [s\src\hotspot\share\interpreter\linkResolver.cpp, line 773]
Event: 0.198 Thread 0x000001e64e696660 Exception <a 'java/lang/ClassNotFoundException'{0x000000008afa81b8}: com/sun/swing/internal/plaf/metal/resources/spi/metalProvider> (0x000000008afa81b8) 
thrown [s\src\hotspot\share\classfile\systemDictionary.cpp, line 312]
Event: 0.199 Thread 0x000001e64e696660 Exception <a 'java/lang/ClassNotFoundException'{0x000000008afac168}: com/sun/swing/internal/plaf/basic/resources/spi/basicProvider> (0x000000008afac168) 
thrown [s\src\hotspot\share\classfile\systemDictionary.cpp, line 312]
Event: 0.206 Thread 0x000001e64e696660 Exception <a 'java/lang/NoSuchMethodError'{0x000000008afcc140}: 'int java.lang.invoke.Invokers$Holder.invokeExact_MT(java.lang.Object, java.lang.Object)'> (0x000000008afcc140) 
thrown [s\src\hotspot\share\interpreter\linkResolver.cpp, line 773]
Event: 1.092 Thread 0x000001e668cde7f0 Exception <a 'java/lang/NoSuchMethodError'{0x000000008b0fa968}: 'void java.lang.invoke.DirectMethodHandle$Holder.invokeVirtual(java.lang.Object, java.lang.Object)'> (0x000000008b0fa968) 
thrown [s\src\hotspot\share\interpreter\linkResolver.cpp, line 773]
Event: 1.106 Thread 0x000001e64e696660 Exception <a 'java/lang/NoSuchMethodError'{0x000000008ae90a18}: 'void java.lang.invoke.DirectMethodHandle$Holder.invokeStaticInit(java.lang.Object)'> (0x000000008ae90a18) 
thrown [s\src\hotspot\share\interpreter\linkResolver.cpp, line 773]
Event: 4.230 Thread 0x000001e668d16e10 Exception <a 'java/io/FileNotFoundException'{0x000000008adf4f48}> (0x000000008adf4f48) 
thrown [s\src\hotspot\share\prims\jni.cpp, line 520]
Event: 4.237 Thread 0x000001e668d16e10 Exception <a 'java/io/FileNotFoundException'{0x000000008ac0ccc8}> (0x000000008ac0ccc8) 
thrown [s\src\hotspot\share\prims\jni.cpp, line 520]

ZGC Phase Switch (0 events):
No events

VM Operations (11 events):
Event: 0.198 Executing VM operation: HandshakeAllThreads (Deoptimize)
Event: 0.198 Executing VM operation: HandshakeAllThreads (Deoptimize) done
Event: 0.210 Executing VM operation: HandshakeAllThreads (Deoptimize)
Event: 0.210 Executing VM operation: HandshakeAllThreads (Deoptimize) done
Event: 1.213 Executing VM operation: Cleanup
Event: 1.213 Executing VM operation: Cleanup done
Event: 4.227 Executing VM operation: Cleanup
Event: 4.227 Executing VM operation: Cleanup done
Event: 5.236 Executing VM operation: Cleanup
Event: 5.485 Executing VM operation: Cleanup done
Event: 6.496 Executing VM operation: Cleanup

Memory protections (0 events):
No events

Nmethod flushes (0 events):
No events

Events (18 events):
Event: 0.029 Thread 0x000001e64e696660 Thread added: 0x000001e64e696660
Event: 0.044 Thread 0x000001e64e696660 Thread added: 0x000001e66897f280
Event: 0.045 Thread 0x000001e64e696660 Thread added: 0x000001e668985ee0
Event: 0.045 Thread 0x000001e64e696660 Thread added: 0x000001e66898b480
Event: 0.045 Thread 0x000001e64e696660 Thread added: 0x000001e66898c320
Event: 0.045 Thread 0x000001e64e696660 Thread added: 0x000001e66898e8a0
Event: 0.045 Thread 0x000001e64e696660 Thread added: 0x000001e6689938f0
Event: 0.045 Thread 0x000001e64e696660 Thread added: 0x000001e66899e1b0
Event: 0.045 Thread 0x000001e64e696660 Thread added: 0x000001e6689a1c60
Event: 0.056 Thread 0x000001e64e696660 Thread added: 0x000001e668b06bd0
Event: 0.058 Thread 0x000001e64e696660 Thread added: 0x000001e668b12830
Event: 0.155 Thread 0x000001e64e696660 Thread added: 0x000001e668cd36f0
Event: 0.156 Thread 0x000001e64e696660 Thread added: 0x000001e668cdd6d0
Event: 0.157 Thread 0x000001e64e696660 Thread added: 0x000001e668cde7f0
Event: 1.091 Thread 0x000001e668cde7f0 Thread added: 0x000001e668d16e10
Event: 4.183 Thread 0x000001e64e696660 Thread exited: 0x000001e64e696660
Event: 4.183 Thread 0x000001e64e696660 Thread added: 0x000001e64e696660
Event: 4.454 Thread 0x000001e6689a1c60 Thread added: 0x000001e668d70f80


Dynamic libraries:
0x00007ff6f2210000 - 0x00007ff6f221e000 	C:\Users\badal\.p2\pool\plugins\org.eclipse.justj.openjdk.hotspot.jre.full.win32.x86_64_21.0.6.v20250130-0529\jre\bin\javaw.exe
0x00007fff97460000 - 0x00007fff976c6000 	C:\WINDOWS\SYSTEM32\ntdll.dll
0x00007fff95c10000 - 0x00007fff95cd7000 	C:\WINDOWS\System32\KERNEL32.DLL
0x00007fff948d0000 - 0x00007fff94c9b000 	C:\WINDOWS\System32\KERNELBASE.dll
0x00007fff94d40000 - 0x00007fff94e8b000 	C:\WINDOWS\System32\ucrtbase.dll
0x00007fff83ca0000 - 0x00007fff83cb8000 	C:\Users\badal\.p2\pool\plugins\org.eclipse.justj.openjdk.hotspot.jre.full.win32.x86_64_21.0.6.v20250130-0529\jre\bin\jli.dll
0x00007fff83a30000 - 0x00007fff83a4e000 	C:\Users\badal\.p2\pool\plugins\org.eclipse.justj.openjdk.hotspot.jre.full.win32.x86_64_21.0.6.v20250130-0529\jre\bin\VCRUNTIME140.dll
0x00007fff952d0000 - 0x00007fff9549c000 	C:\WINDOWS\System32\USER32.dll
0x00007fff6a540000 - 0x00007fff6a7d7000 	C:\WINDOWS\WinSxS\amd64_microsoft.windows.common-controls_6595b64144ccf1df_6.0.26100.5516_none_3e073f78e335730c\COMCTL32.dll
0x00007fff947e0000 - 0x00007fff94807000 	C:\WINDOWS\System32\win32u.dll
0x00007fff96070000 - 0x00007fff96119000 	C:\WINDOWS\System32\msvcrt.dll
0x00007fff95e90000 - 0x00007fff95ebb000 	C:\WINDOWS\System32\GDI32.dll
0x00007fff946a0000 - 0x00007fff947d1000 	C:\WINDOWS\System32\gdi32full.dll
0x00007fff95190000 - 0x00007fff95233000 	C:\WINDOWS\System32\msvcp_win.dll
0x00007fff96390000 - 0x00007fff963bf000 	C:\WINDOWS\System32\IMM32.DLL
0x00007fff88800000 - 0x00007fff8880c000 	C:\Users\badal\.p2\pool\plugins\org.eclipse.justj.openjdk.hotspot.jre.full.win32.x86_64_21.0.6.v20250130-0529\jre\bin\vcruntime140_1.dll
0x00007fff7c7b0000 - 0x00007fff7c83d000 	C:\Users\badal\.p2\pool\plugins\org.eclipse.justj.openjdk.hotspot.jre.full.win32.x86_64_21.0.6.v20250130-0529\jre\bin\msvcp140.dll
0x00007ffedac20000 - 0x00007ffedb9b0000 	C:\Users\badal\.p2\pool\plugins\org.eclipse.justj.openjdk.hotspot.jre.full.win32.x86_64_21.0.6.v20250130-0529\jre\bin\server\jvm.dll
0x00007fff96b00000 - 0x00007fff96bb2000 	C:\WINDOWS\System32\ADVAPI32.dll
0x00007fff96bc0000 - 0x00007fff96c66000 	C:\WINDOWS\System32\sechost.dll
0x00007fff95ce0000 - 0x00007fff95df5000 	C:\WINDOWS\System32\RPCRT4.dll
0x00007fff954a0000 - 0x00007fff95514000 	C:\WINDOWS\System32\WS2_32.dll
0x00007fff836e0000 - 0x00007fff836eb000 	C:\WINDOWS\SYSTEM32\VERSION.dll
0x00007fff8c710000 - 0x00007fff8c746000 	C:\WINDOWS\SYSTEM32\WINMM.dll
0x00007fff932d0000 - 0x00007fff9332e000 	C:\WINDOWS\SYSTEM32\POWRPROF.dll
0x00007fff932b0000 - 0x00007fff932c4000 	C:\WINDOWS\SYSTEM32\UMPDC.dll
0x00007fff93570000 - 0x00007fff9358a000 	C:\WINDOWS\SYSTEM32\kernel.appcore.dll
0x00007fff8ffd0000 - 0x00007fff8ffda000 	C:\Users\badal\.p2\pool\plugins\org.eclipse.justj.openjdk.hotspot.jre.full.win32.x86_64_21.0.6.v20250130-0529\jre\bin\jimage.dll
0x00007fff91dc0000 - 0x00007fff92001000 	C:\WINDOWS\SYSTEM32\DBGHELP.DLL
0x00007fff97090000 - 0x00007fff97413000 	C:\WINDOWS\System32\combase.dll
0x00007fff96de0000 - 0x00007fff96eb6000 	C:\WINDOWS\System32\OLEAUT32.dll
0x00007fff6e1f0000 - 0x00007fff6e229000 	C:\WINDOWS\SYSTEM32\dbgcore.DLL
0x00007fff94ca0000 - 0x00007fff94d39000 	C:\WINDOWS\System32\bcryptPrimitives.dll
0x00007fff8ff70000 - 0x00007fff8ff8f000 	C:\Users\badal\.p2\pool\plugins\org.eclipse.justj.openjdk.hotspot.jre.full.win32.x86_64_21.0.6.v20250130-0529\jre\bin\java.dll
0x00007fff963d0000 - 0x00007fff96afa000 	C:\WINDOWS\System32\SHELL32.dll
0x00007fff94e90000 - 0x00007fff95004000 	C:\WINDOWS\System32\wintypes.dll
0x00007fff92330000 - 0x00007fff92b82000 	C:\WINDOWS\SYSTEM32\windows.storage.dll
0x00007fff95520000 - 0x00007fff9560e000 	C:\WINDOWS\System32\SHCORE.dll
0x00007fff96ec0000 - 0x00007fff96f26000 	C:\WINDOWS\System32\shlwapi.dll
0x00007fff94520000 - 0x00007fff9454f000 	C:\WINDOWS\SYSTEM32\profapi.dll
0x00007fff8f190000 - 0x00007fff8f1a8000 	C:\Users\badal\.p2\pool\plugins\org.eclipse.justj.openjdk.hotspot.jre.full.win32.x86_64_21.0.6.v20250130-0529\jre\bin\zip.dll
0x00007fff8f210000 - 0x00007fff8f220000 	C:\Users\badal\.p2\pool\plugins\org.eclipse.justj.openjdk.hotspot.jre.full.win32.x86_64_21.0.6.v20250130-0529\jre\bin\net.dll
0x00007fff8d0a0000 - 0x00007fff8d1be000 	C:\WINDOWS\SYSTEM32\WINHTTP.dll
0x00007fff93a90000 - 0x00007fff93afa000 	C:\WINDOWS\system32\mswsock.dll
0x00007fff88820000 - 0x00007fff88836000 	C:\Users\badal\.p2\pool\plugins\org.eclipse.justj.openjdk.hotspot.jre.full.win32.x86_64_21.0.6.v20250130-0529\jre\bin\nio.dll
0x00007fff01670000 - 0x00007fff017fe000 	C:\Users\badal\.p2\pool\plugins\org.eclipse.justj.openjdk.hotspot.jre.full.win32.x86_64_21.0.6.v20250130-0529\jre\bin\awt.dll
0x00007fff91260000 - 0x00007fff912fc000 	C:\WINDOWS\SYSTEM32\apphelp.dll
0x00007fff91790000 - 0x00007fff917c5000 	C:\WINDOWS\system32\DWMAPI.DLL
0x00007fff913c0000 - 0x00007fff9146e000 	C:\WINDOWS\system32\uxtheme.dll
0x00007fff7a340000 - 0x00007fff7a44c000 	C:\WINDOWS\system32\opengl32.dll
0x00007fff7c720000 - 0x00007fff7c74d000 	C:\WINDOWS\SYSTEM32\GLU32.dll
0x00007fff915e0000 - 0x00007fff91627000 	C:\WINDOWS\SYSTEM32\dxcore.dll
0x00007fff96c70000 - 0x00007fff96dce000 	C:\WINDOWS\System32\MSCTF.dll
0x00007fff95ed0000 - 0x00007fff96066000 	C:\WINDOWS\System32\ole32.dll
0x00007fff567a0000 - 0x00007fff56827000 	C:\Users\badal\.p2\pool\plugins\org.eclipse.justj.openjdk.hotspot.jre.full.win32.x86_64_21.0.6.v20250130-0529\jre\bin\freetype.dll
0x00007fff4e780000 - 0x00007fff4e85b000 	C:\Users\badal\.p2\pool\plugins\org.eclipse.justj.openjdk.hotspot.jre.full.win32.x86_64_21.0.6.v20250130-0529\jre\bin\fontmanager.dll
0x00007fff66880000 - 0x00007fff669c9000 	C:\WINDOWS\SYSTEM32\textinputframework.dll

dbghelp: loaded successfully - version: 4.0.5 - missing functions: none
symbol engine: initialized successfully - sym options: 0x614 - pdb path: .;C:\Users\badal\.p2\pool\plugins\org.eclipse.justj.openjdk.hotspot.jre.full.win32.x86_64_21.0.6.v20250130-0529\jre\bin;C:\WINDOWS\SYSTEM32;C:\WINDOWS\WinSxS\amd64_microsoft.windows.common-controls_6595b64144ccf1df_6.0.26100.5516_none_3e073f78e335730c;C:\Users\badal\.p2\pool\plugins\org.eclipse.justj.openjdk.hotspot.jre.full.win32.x86_64_21.0.6.v20250130-0529\jre\bin\server

VM Arguments:
jvm_args: -Dfile.encoding=UTF-8 -Dstdout.encoding=UTF-8 -Dstderr.encoding=UTF-8 -XX:+ShowCodeDetailsInExceptionMessages 
java_command: bankManagementSystem.Login.SignUpThree
java_class_path (initial): C:\ATM SIMULATOR;C:\lib\jcalendar-1.4\lib\jcalendar-1.4.jar;C:\Users\badal\Downloads\mysql-connector-j-9.2.0\mysql-connector-j-9.2.0\mysql-connector-j-9.2.0.jar
Launcher Type: SUN_STANDARD

[Global flags]
     intx CICompilerCount                          = 4                                         {product} {ergonomic}
     uint ConcGCThreads                            = 2                                         {product} {ergonomic}
     uint G1ConcRefinementThreads                  = 8                                         {product} {ergonomic}
   size_t G1HeapRegionSize                         = 1048576                                   {product} {ergonomic}
    uintx GCDrainStackTargetSize                   = 64                                        {product} {ergonomic}
   size_t InitialHeapSize                          = 132120576                                 {product} {ergonomic}
   size_t MarkStackSize                            = 4194304                                   {product} {ergonomic}
   size_t MaxHeapSize                              = 2090860544                                {product} {ergonomic}
   size_t MaxNewSize                               = 1254096896                                {product} {ergonomic}
   size_t MinHeapDeltaBytes                        = 1048576                                   {product} {ergonomic}
   size_t MinHeapSize                              = 8388608                                   {product} {ergonomic}
    uintx NonNMethodCodeHeapSize                   = 5839372                                {pd product} {ergonomic}
    uintx NonProfiledCodeHeapSize                  = 122909434                              {pd product} {ergonomic}
    uintx ProfiledCodeHeapSize                     = 122909434                              {pd product} {ergonomic}
    uintx ReservedCodeCacheSize                    = 251658240                              {pd product} {ergonomic}
     bool SegmentedCodeCache                       = true                                      {product} {ergonomic}
     bool ShowCodeDetailsInExceptionMessages       = true                                   {manageable} {command line}
   size_t SoftMaxHeapSize                          = 2090860544                             {manageable} {ergonomic}
     bool UseCompressedOops                        = true                           {product lp64_product} {ergonomic}
     bool UseG1GC                                  = true                                      {product} {ergonomic}
     bool UseLargePagesIndividualAllocation        = false                                  {pd product} {ergonomic}

Logging:
Log output configuration:
 #0: stdout all=warning uptime,level,tags foldmultilines=false
 #1: stderr all=off uptime,level,tags foldmultilines=false

Environment Variables:
JAVA_HOME=C:\Program Files\Java\jdk-21.0.2
PATH=C:/Users/badal/.p2/pool/plugins/org.eclipse.justj.openjdk.hotspot.jre.full.win32.x86_64_21.0.6.v20250130-0529/jre/bin/server;C:/Users/badal/.p2/pool/plugins/org.eclipse.justj.openjdk.hotspot.jre.full.win32.x86_64_21.0.6.v20250130-0529/jre/bin;C:\Program Files\Common Files\Oracle\Java\javapath;C:\Windows\system32;C:\Windows;C:\Windows\System32\Wbem;C:\Windows\System32\WindowsPowerShell\v1.0\;C:\Windows\System32\OpenSSH\;C:\Program Files (x86)\NVIDIA Corporation\PhysX\Common;C:\WINDOWS\system32;C:\WINDOWS;C:\WINDOWS\System32\Wbem;C:\WINDOWS\System32\WindowsPowerShell\v1.0\;C:\WINDOWS\System32\OpenSSH\;C:\Program Files\Java\jdk-21\bin;C:\Program Files\dotnet\;C:\Program Files\NVIDIA Corporation\NVIDIA app\NvDLISR;C:\Program Files\nodejs\;C:\Program Files\Git\cmd;C:\ProgramData\chocolatey\bin;C:\Program Files\OpenJDK\jdk-22.0.2\bin;C:\Users\badal\scoop\shims;C:\Users\badal\.console-ninja\.bin;C:\Program Files\MySQL\MySQL Shell 8.0\bin\;C:\Users\badal\AppData\Local\Microsoft\WindowsApps;C:\Users\badal\AppData\Local\Programs\Microsoft VS Code\bin;C:\MinGW\bin;C:\Program Files\JetBrains\IntelliJ IDEA Community Edition 2024.2.3\bin;;C:\Users\badal\AppData\Local\Microsoft\WinGet\Packages\Schniz.fnm_Microsoft.Winget.Source_8wekyb3d8bbwe;C:\Users\badal\AppData\Roaming\npm;C:\Program Files\JetBrains\IntelliJ IDEA Community Edition 2024.3.3\bin;;C:\Users\badal\AppData\Local\Microsoft\WindowsApps;C:\Users\badal\OneDrive\Desktop;
USERNAME=badal
OS=Windows_NT
PROCESSOR_IDENTIFIER=Intel64 Family 6 Model 140 Stepping 2, GenuineIntel
TMP=C:\Users\badal\AppData\Local\Temp
TEMP=C:\Users\badal\AppData\Local\Temp




Periodic native trim disabled

---------------  S Y S T E M  ---------------

OS:
 Windows 11 , 64 bit Build 26100 (10.0.26100.5514)
OS uptime: 0 days 22:54 hours

CPU: total 8 (initial active 8) (4 cores per cpu, 2 threads per core) family 6 model 140 stepping 2 microcode 0x38, cx8, cmov, fxsr, ht, mmx, 3dnowpref, sse, sse2, sse3, ssse3, sse4.1, sse4.2, popcnt, lzcnt, tsc, tscinvbit, avx, avx2, aes, erms, clmul, bmi1, bmi2, adx, avx512f, avx512dq, avx512cd, avx512bw, avx512vl, sha, fma, vzeroupper, avx512_vpopcntdq, avx512_vpclmulqdq, avx512_vaes, avx512_vnni, clflush, clflushopt, clwb, avx512_vbmi2, avx512_vbmi, rdtscp, rdpid, fsrm, gfni, avx512_bitalg, f16c, pku, cet_ibt, cet_ss, avx512_ifma
Processor Information for the first 8 processors :
  Max Mhz: 3187, Current Mhz: 3187, Mhz Limit: 3187

Memory: 4k page, system-wide physical 7975M (643M free)
TotalPageFile size 32551M (AvailPageFile size 4M)
current process WorkingSet (physical memory assigned to process): 85M, peak: 85M
current process commit charge ("private bytes"): 228M, peak: 228M

vm_info: OpenJDK 64-Bit Server VM (21.0.6+7-LTS) for windows-amd64 JRE (21.0.6+7-LTS), built on 2025-01-21T00:00:00Z by "admin" with MS VC++ 17.7 (VS2022)

END.
